# JRE version: OpenJDK Runtime Environment Microsoft-8035246 (17.0.8+7) (build 17.0.8+7-LTS)
# Java VM: OpenJDK 64-Bit Server VM Microsoft-8035246 (17.0.8+7-LTS, mixed mode, sharing, tiered, compressed oops, compressed class ptrs, g1 gc, windows-amd64)
GC Precious Log:
 CPUs: 8 total, 8 available
 Memory: 16190M
 Large Page Support: Disabled
 NUMA Support: Disabled
 Compressed Oops: Enabled (32-bit)
 Heap Region Size: 1M
 Heap Min Capacity: 8M
 Heap Initial Capacity: 254M
 Heap Max Capacity: 2G
 Pre-touch: Disabled
 Parallel Workers: 8
 Concurrent Workers: 2
 Concurrent Refinement Workers: 8
 Periodic GC: Disabled
Heap:
 garbage-first heap   total 408576K, used 325276K [0x0000000080000000, 0x0000000100000000)
  region size 1024K, 41 young (41984K), 8 survivors (8192K)
 Metaspace       used 118843K, committed 120640K, reserved 557056K
  class space    used 16256K, committed 17088K, reserved 425984K
GC Heap History (20 events):
Event: 51.907 GC heap before
{Heap before GC invocations=48 (full 0):
 garbage-first heap   total 339968K, used 279550K [0x0000000080000000, 0x0000000100000000)
  region size 1024K, 66 young (67584K), 11 survivors (11264K)
 Metaspace       used 108565K, committed 110080K, reserved 557056K
  class space    used 14966K, committed 15680K, reserved 425984K
}
Event: 51.929 GC heap after
{Heap after GC invocations=49 (full 0):
 garbage-first heap   total 339968K, used 236820K [0x0000000080000000, 0x0000000100000000)
  region size 1024K, 9 young (9216K), 9 survivors (9216K)
 Metaspace       used 108565K, committed 110080K, reserved 557056K
  class space    used 14966K, committed 15680K, reserved 425984K
}
Event: 52.997 GC heap before
{Heap before GC invocations=49 (full 0):
 garbage-first heap   total 339968K, used 280852K [0x0000000080000000, 0x0000000100000000)
  region size 1024K, 52 young (53248K), 9 survivors (9216K)
 Metaspace       used 112699K, committed 114176K, reserved 557056K
  class space    used 15547K, committed 16256K, reserved 425984K
}
Event: 53.014 GC heap after
{Heap after GC invocations=50 (full 0):
 garbage-first heap   total 339968K, used 245023K [0x0000000080000000, 0x0000000100000000)
  region size 1024K, 7 young (7168K), 7 survivors (7168K)
 Metaspace       used 112699K, committed 114176K, reserved 557056K
  class space    used 15547K, committed 16256K, reserved 425984K
}
Event: 54.070 GC heap before
{Heap before GC invocations=50 (full 0):
 garbage-first heap   total 339968K, used 283935K [0x0000000080000000, 0x0000000100000000)
  region size 1024K, 45 young (46080K), 7 survivors (7168K)
 Metaspace       used 113404K, committed 115008K, reserved 557056K
  class space    used 15617K, committed 16384K, reserved 425984K
}
Event: 54.099 GC heap after
{Heap after GC invocations=51 (full 0):
 garbage-first heap   total 339968K, used 254974K [0x0000000080000000, 0x0000000100000000)
  region size 1024K, 6 young (6144K), 6 survivors (6144K)
 Metaspace       used 113404K, committed 115008K, reserved 557056K
  class space    used 15617K, committed 16384K, reserved 425984K
}
Event: 54.629 GC heap before
{Heap before GC invocations=51 (full 0):
 garbage-first heap   total 339968K, used 285694K [0x0000000080000000, 0x0000000100000000)
  region size 1024K, 36 young (36864K), 6 survivors (6144K)
 Metaspace       used 113542K, committed 115136K, reserved 557056K
  class space    used 15618K, committed 16384K, reserved 425984K
}
Event: 54.642 GC heap after
{Heap after GC invocations=52 (full 0):
 garbage-first heap   total 339968K, used 261597K [0x0000000080000000, 0x0000000100000000)
  region size 1024K, 5 young (5120K), 5 survivors (5120K)
 Metaspace       used 113542K, committed 115136K, reserved 557056K
  class space    used 15618K, committed 16384K, reserved 425984K
}
Event: 55.002 GC heap before
{Heap before GC invocations=52 (full 0):
 garbage-first heap   total 339968K, used 288221K [0x0000000080000000, 0x0000000100000000)
  region size 1024K, 31 young (31744K), 5 survivors (5120K)
 Metaspace       used 113641K, committed 115200K, reserved 557056K
  class space    used 15622K, committed 16384K, reserved 425984K
}
Event: 55.014 GC heap after
{Heap after GC invocations=53 (full 0):
 garbage-first heap   total 339968K, used 267824K [0x0000000080000000, 0x0000000100000000)
  region size 1024K, 4 young (4096K), 4 survivors (4096K)
 Metaspace       used 113641K, committed 115200K, reserved 557056K
  class space    used 15622K, committed 16384K, reserved 425984K
}
Event: 55.287 GC heap before
{Heap before GC invocations=53 (full 0):
 garbage-first heap   total 339968K, used 291376K [0x0000000080000000, 0x0000000100000000)
  region size 1024K, 27 young (27648K), 4 survivors (4096K)
 Metaspace       used 113874K, committed 115456K, reserved 557056K
  class space    used 15657K, committed 16448K, reserved 425984K
}
Event: 55.296 GC heap after
{Heap after GC invocations=54 (full 0):
 garbage-first heap   total 339968K, used 272907K [0x0000000080000000, 0x0000000100000000)
  region size 1024K, 4 young (4096K), 4 survivors (4096K)
 Metaspace       used 113874K, committed 115456K, reserved 557056K
  class space    used 15657K, committed 16448K, reserved 425984K
}
Event: 55.638 GC heap before
{Heap before GC invocations=54 (full 0):
 garbage-first heap   total 339968K, used 293387K [0x0000000080000000, 0x0000000100000000)
  region size 1024K, 24 young (24576K), 4 survivors (4096K)
 Metaspace       used 114698K, committed 116416K, reserved 557056K
  class space    used 15755K, committed 16576K, reserved 425984K
}
Event: 55.647 GC heap after
{Heap after GC invocations=55 (full 0):
 garbage-first heap   total 408576K, used 276337K [0x0000000080000000, 0x0000000100000000)
  region size 1024K, 3 young (3072K), 3 survivors (3072K)
 Metaspace       used 114698K, committed 116416K, reserved 557056K
  class space    used 15755K, committed 16576K, reserved 425984K
}
Event: 56.604 GC heap before
{Heap before GC invocations=55 (full 0):
 garbage-first heap   total 408576K, used 334705K [0x0000000080000000, 0x0000000100000000)
  region size 1024K, 60 young (61440K), 3 survivors (3072K)
 Metaspace       used 117648K, committed 119488K, reserved 557056K
  class space    used 16119K, committed 16960K, reserved 425984K
}
Event: 56.620 GC heap after
{Heap after GC invocations=56 (full 0):
 garbage-first heap   total 408576K, used 283751K [0x0000000080000000, 0x0000000100000000)
  region size 1024K, 8 young (8192K), 8 survivors (8192K)
 Metaspace       used 117648K, committed 119488K, reserved 557056K
  class space    used 16119K, committed 16960K, reserved 425984K
}
Event: 57.801 GC heap before
{Heap before GC invocations=56 (full 0):
 garbage-first heap   total 408576K, used 336999K [0x0000000080000000, 0x0000000100000000)
  region size 1024K, 61 young (62464K), 8 survivors (8192K)
 Metaspace       used 118306K, committed 120128K, reserved 557056K
  class space    used 16183K, committed 17024K, reserved 425984K
}
Event: 57.816 GC heap after
{Heap after GC invocations=57 (full 0):
 garbage-first heap   total 408576K, used 288574K [0x0000000080000000, 0x0000000100000000)
  region size 1024K, 5 young (5120K), 5 survivors (5120K)
 Metaspace       used 118306K, committed 120128K, reserved 557056K
  class space    used 16183K, committed 17024K, reserved 425984K
}
Event: 58.550 GC heap before
{Heap before GC invocations=57 (full 0):
 garbage-first heap   total 408576K, used 341822K [0x0000000080000000, 0x0000000100000000)
  region size 1024K, 58 young (59392K), 5 survivors (5120K)
 Metaspace       used 118842K, committed 120640K, reserved 557056K
  class space    used 16256K, committed 17088K, reserved 425984K
}
Event: 58.560 GC heap after
{Heap after GC invocations=58 (full 0):
 garbage-first heap   total 408576K, used 293532K [0x0000000080000000, 0x0000000100000000)
  region size 1024K, 8 young (8192K), 8 survivors (8192K)
 Metaspace       used 118842K, committed 120640K, reserved 557056K
  class space    used 16256K, committed 17088K, reserved 425984K
}

